[00:03:28] [Server thread/INFO]: Zeroks19 has made the advancement [Not Today, Thank You]
[00:24:55] [Server thread/INFO]: Zeroks19 lost connection: Disconnected
[00:24:55] [Server thread/INFO]: Zeroks19 left the game
[00:25:05] [Server thread/INFO]: Stopping the server
[00:25:05] [Server thread/INFO]: Stopping server
[00:25:05] [Server thread/INFO]: [SkinsRestorer] Disabling SkinsRestorer v15.6.0
[00:25:05] [Server thread/INFO]: [Geyser-Spigot] Disabling Geyser-Spigot v2.6.1-SNAPSHOT
[00:25:05] [Server thread/INFO]: [Geyser-Spigot] Shutting down Geyser.
[00:25:05] [Server thread/INFO]: [Geyser-Spigot] Geyser shutdown successfully.
[00:25:05] [Server thread/INFO]: [ViaVersion] Disabling ViaVersion v5.2.1
[00:25:05] [Server thread/INFO]: [ViaVersion] ViaVersion has been disabled; uninjected the platform and shut down the scheduler.
[00:25:05] [Server thread/INFO]: [floodgate] Disabling floodgate v2.2.4-SNAPSHOT (b116-0e3163c)
[00:25:05] [Server thread/INFO]: Saving players
[00:25:05] [WebSocketConnectReadThread-238/INFO]: [Geyser-Spigot] The skin uploader has been closed
[00:25:05] [Server thread/INFO]: Saving worlds
[00:25:05] [Server thread/INFO]: Saving chunks for level 'ServerLevel[world]'/minecraft:overworld
[00:25:05] [Server thread/INFO]: [ChunkHolderManager] Waiting 60s for chunk system to halt for world 'world'
[00:25:05] [Server thread/INFO]: [ChunkHolderManager] Halted chunk system for world 'world'
[00:25:05] [Server thread/INFO]: [ChunkHolderManager] Saving all chunkholders for world 'world'
[00:25:05] [Server thread/INFO]: [ChunkHolderManager] Saved 20 block chunks, 146 entity chunks, 0 poi chunks in world 'world' in 0.07s
[00:25:05] [Server thread/INFO]: Saving chunks for level 'ServerLevel[world_nether]'/minecraft:the_nether
[00:25:05] [Server thread/INFO]: [ChunkHolderManager] Waiting 60s for chunk system to halt for world 'world_nether'
[00:25:05] [Server thread/INFO]: [ChunkHolderManager] Halted chunk system for world 'world_nether'
[00:25:05] [Server thread/INFO]: [ChunkHolderManager] Saving all chunkholders for world 'world_nether'
[00:25:05] [Server thread/INFO]: [ChunkHolderManager] Saved 0 block chunks, 1 entity chunks, 0 poi chunks in world 'world_nether' in 0.00s
[00:25:05] [Server thread/INFO]: Saving chunks for level 'ServerLevel[world_the_end]'/minecraft:the_end
[00:25:05] [Server thread/INFO]: [ChunkHolderManager] Waiting 60s for chunk system to halt for world 'world_the_end'
[00:25:05] [Server thread/INFO]: [ChunkHolderManager] Halted chunk system for world 'world_the_end'
[00:25:05] [Server thread/INFO]: [ChunkHolderManager] Saving all chunkholders for world 'world_the_end'
[00:25:05] [Server thread/INFO]: [ChunkHolderManager] Saved 0 block chunks, 0 entity chunks, 0 poi chunks in world 'world_the_end' in 0.00s
[00:25:05] [Server thread/INFO]: ThreadedAnvilChunkStorage (world): All chunks are saved
[00:25:05] [Server thread/INFO]: ThreadedAnvilChunkStorage (DIM-1): All chunks are saved
[00:25:05] [Server thread/INFO]: ThreadedAnvilChunkStorage (DIM1): All chunks are saved
[00:25:05] [Server thread/INFO]: ThreadedAnvilChunkStorage: All dimensions are saved
